----------------------------------------------------------------------------------------------
      name:  tvpregNi
       log:  C:\Users\jamel\Dropbox\Latex\PROJECTS\24-09-commo-geopolitical-risks\Data and com
> mand\GPR\Cu\tvpregNi.log
  log type:  text
 opened on:  22 Oct 2024, 15:50:26

. 
. ////////////// Execute the routine //////////////
> qui do "tvpreg.ado"

. /////////////////////////////////////////////////
> 
. *cd C:\Users\jamel\Dropbox\stata\tvpreg\tvpreg\code
. 
. set scheme sj

. 
. use datasetNi.dta, clear
file datasetNi.dta not found
r(601);

end of do-file

r(601);

. exit, clear
