----------------------------------------------------------------------------------------------
      name:  xrdynamics
       log:  C:\Users\jamel\Documents\GitHub\ResearchPapers\Saadaoui 2015\xrdynamics.log
  log type:  text
 opened on:  12 Jan 2024, 09:31:28

. 
. *Import the data from Excel
. 
. 
. import excel EXCEL_0215a.xlsx, /// 
> sheet("data_fin") firstrow clear // Note 1
(7 vars, 754 obs)

. 
. *Generate variable in logarithm
. 
. generate logreer = ln(reer)

. generate logfeer = ln(feer)

. generate logreer_cs = ln(reer_cs)

. generate logfeer_cs = ln(feer_cs)

. 
. *Panel setting (N=26; T=29; N*T=754)
. 
. gen datayear = yofd(period)

. encode country, generate(cn)

. order cn datayear, first

. 
. xtset cn datayear, yearly

Panel variable: cn (strongly balanced)
 Time variable: datayear, 1982 to 2010
         Delta: 1 year

. xtdescribe

      cn:  1, 2, ..., 26                                     n =         26
datayear:  1982, 1983, ..., 2010                             T =         29
           Delta(datayear) = 1 year
           Span(datayear)  = 29 periods
           (cn*datayear uniquely identifies each observation)

Distribution of T_i:   min      5%     25%       50%       75%     95%     max
                        29      29      29        29        29      29      29

     Freq.  Percent    Cum. |  Pattern
 ---------------------------+-------------------------------
       26    100.00  100.00 |  11111111111111111111111111111
 ---------------------------+-------------------------------
       26    100.00         |  XXXXXXXXXXXXXXXXXXXXXXXXXXXXX

. 
end of do-file

. do "C:\Users\jamel\AppData\Local\Temp\STD208c_000000.tmp"

. xtline logreer logreer_star if country == "CHN"
variable logreer_star not found
r(111);

end of do-file

r(111);

. do "C:\Users\jamel\AppData\Local\Temp\STD208c_000000.tmp"

. // Common constant
. 
. gen cst == 1
== invalid name
r(198);

end of do-file

r(198);

. do "C:\Users\jamel\AppData\Local\Temp\STD208c_000000.tmp"

. gen cst == 1
== invalid name
r(198);

end of do-file

r(198);

. do "C:\Users\jamel\AppData\Local\Temp\STD208c_000000.tmp"

. gen cst == 1
== invalid name
r(198);

end of do-file

r(198);

. do "C:\Users\jamel\AppData\Local\Temp\STD208c_000000.tmp"

. generate cst == 1
== invalid name
r(198);

end of do-file

r(198);

. do "C:\Users\jamel\AppData\Local\Temp\STD208c_000000.tmp"

. xtpmg d.logreer d.logfeer, ///
> lr(l.logreer logfeer cst) ec(ect) replace pmg full nocons
variable cst not found
(error in option lr())
r(111);

end of do-file

r(111);

. do "C:\Users\jamel\AppData\Local\Temp\STD208c_000000.tmp"

. generate cst = 1

. 
end of do-file

. do "C:\Users\jamel\AppData\Local\Temp\STD208c_000000.tmp"

. xtpmg d.logreer d.logfeer, ///
> lr(l.logreer logfeer cst) ec(ect) replace pmg full nocons

Iteration 0:  Log likelihood =  1156.0678  (not concave)
Iteration 1:  Log likelihood =  1158.5909  
Iteration 2:  Log likelihood =  1159.3946  
Iteration 3:  Log likelihood =  1159.3975  
Iteration 4:  Log likelihood =  1159.3975  

Pooled Mean Group Regression
(Estimate results saved as PMG)

Panel Variable (i): cn                          Number of obs      =       728
Time Variable (t): datayear                     Number of groups   =        26
                                                Obs per group: min =        28
                                                               avg =      28.0
                                                               max =        28

                                                Log Likelihood     =  1159.398
------------------------------------------------------------------------------
   D.logreer | Coefficient  Std. err.      z    P>|z|     [95% conf. interval]
-------------+----------------------------------------------------------------
ect          |
     logfeer |   .7508307   .0507891    14.78   0.000     .6512859    .8503754
         cst |   1.156936   .2346979     4.93   0.000     .6969365    1.616935
-------------+----------------------------------------------------------------
cn_1         |
         ect |  -.2405246   .1274867    -1.89   0.059    -.4903938    .0093447
             |
     logfeer |
         D1. |   .2675663    .156354     1.71   0.087    -.0388819    .5740146
-------------+----------------------------------------------------------------
cn_2         |
         ect |  -.0908799   .0618099    -1.47   0.141    -.2120251    .0302653
             |
     logfeer |
         D1. |  -.0155271   .0619695    -0.25   0.802     -.136985    .1059308
-------------+----------------------------------------------------------------
cn_3         |
         ect |  -.1944235   .0827727    -2.35   0.019    -.3566549    -.032192
             |
     logfeer |
         D1. |   .0498059   .1791695     0.28   0.781    -.3013599    .4009717
-------------+----------------------------------------------------------------
cn_4         |
         ect |  -.3197207   .0569436    -5.61   0.000    -.4313281   -.2081132
             |
     logfeer |
         D1. |  -.0257669   .0838681    -0.31   0.759    -.1901454    .1386116
-------------+----------------------------------------------------------------
cn_5         |
         ect |  -.5313174   .1086099    -4.89   0.000    -.7441889   -.3184459
             |
     logfeer |
         D1. |  -.2619753   .1187624    -2.21   0.027    -.4947453   -.0292053
-------------+----------------------------------------------------------------
cn_6         |
         ect |   .0599333   .0751971     0.80   0.425    -.0874504    .2073169
             |
     logfeer |
         D1. |  -.0022323   .0938733    -0.02   0.981    -.1862206    .1817561
-------------+----------------------------------------------------------------
cn_7         |
         ect |  -.0973802   .0519308    -1.88   0.061    -.1991628    .0044024
             |
     logfeer |
         D1. |   .0181694   .1421084     0.13   0.898    -.2603578    .2966967
-------------+----------------------------------------------------------------
cn_8         |
         ect |  -.0046924   .0493386    -0.10   0.924    -.1013944    .0920095
             |
     logfeer |
         D1. |   .0021569     .08366     0.03   0.979    -.1618136    .1661275
-------------+----------------------------------------------------------------
cn_9         |
         ect |   -.075436   .0774221    -0.97   0.330    -.2271805    .0763085
             |
     logfeer |
         D1. |   .3232586   .1154504     2.80   0.005     .0969799    .5495373
-------------+----------------------------------------------------------------
cn_10        |
         ect |  -.0035261   .0400811    -0.09   0.930    -.0820837    .0750314
             |
     logfeer |
         D1. |   .0526923   .0595709     0.88   0.376    -.0640645    .1694491
-------------+----------------------------------------------------------------
cn_11        |
         ect |  -.1933836   .0785913    -2.46   0.014    -.3474197   -.0393475
             |
     logfeer |
         D1. |   .0543173   .1035935     0.52   0.600    -.1487222    .2573568
-------------+----------------------------------------------------------------
cn_12        |
         ect |  -.2566337   .0841236    -3.05   0.002    -.4215129   -.0917545
             |
     logfeer |
         D1. |   .5501134   .1428215     3.85   0.000     .2701883    .8300384
-------------+----------------------------------------------------------------
cn_13        |
         ect |   -.101277   .0938034    -1.08   0.280    -.2851283    .0825744
             |
     logfeer |
         D1. |   .4964728   .1512005     3.28   0.001     .2001252    .7928204
-------------+----------------------------------------------------------------
cn_14        |
         ect |  -.1527906   .1195646    -1.28   0.201    -.3871329    .0815517
             |
     logfeer |
         D1. |   .4043974   .1441941     2.80   0.005     .1217822    .6870125
-------------+----------------------------------------------------------------
cn_15        |
         ect |  -.0943968   .0893772    -1.06   0.291    -.2695728    .0807792
             |
     logfeer |
         D1. |   .9110888   .1421328     6.41   0.000     .6325135    1.189664
-------------+----------------------------------------------------------------
cn_16        |
         ect |  -.4943914   .1726787    -2.86   0.004    -.8328354   -.1559475
             |
     logfeer |
         D1. |   .3539068   .2809816     1.26   0.208     -.196807    .9046206
-------------+----------------------------------------------------------------
cn_17        |
         ect |  -.2159678   .1010909    -2.14   0.033    -.4141023   -.0178333
             |
     logfeer |
         D1. |   .6286423   .1523333     4.13   0.000     .3300745    .9272101
-------------+----------------------------------------------------------------
cn_18        |
         ect |  -.1895989   .0510634    -3.71   0.000    -.2896814   -.0895165
             |
     logfeer |
         D1. |   .6035003   .0729082     8.28   0.000     .4606029    .7463976
-------------+----------------------------------------------------------------
cn_19        |
         ect |  -.0948931   .1142234    -0.83   0.406    -.3187669    .1289806
             |
     logfeer |
         D1. |   .2669657   .1309922     2.04   0.042     .0102257    .5237056
-------------+----------------------------------------------------------------
cn_20        |
         ect |  -.2902233   .1239772    -2.34   0.019    -.5332141   -.0472325
             |
     logfeer |
         D1. |   .2841085   .1096206     2.59   0.010     .0692561    .4989609
-------------+----------------------------------------------------------------
cn_21        |
         ect |  -.0163439    .019932    -0.82   0.412    -.0554099    .0227221
             |
     logfeer |
         D1. |    .102343   .0385579     2.65   0.008     .0267709     .177915
-------------+----------------------------------------------------------------
cn_22        |
         ect |   .0296285   .0333367     0.89   0.374    -.0357102    .0949672
             |
     logfeer |
         D1. |  -.1232635   .0808617    -1.52   0.127    -.2817495    .0352225
-------------+----------------------------------------------------------------
cn_23        |
         ect |  -.1951809   .0786218    -2.48   0.013    -.3492768    -.041085
             |
     logfeer |
         D1. |  -.0013552   .0897218    -0.02   0.988    -.1772067    .1744963
-------------+----------------------------------------------------------------
cn_24        |
         ect |  -.2493275   .1215667    -2.05   0.040    -.4875937   -.0110612
             |
     logfeer |
         D1. |   .4445828   .0975129     4.56   0.000     .2534609    .6357046
-------------+----------------------------------------------------------------
cn_25        |
         ect |  -.4207201   .1278973    -3.29   0.001    -.6713942    -.170046
             |
     logfeer |
         D1. |   .1052914   .1333643     0.79   0.430    -.1560979    .3666806
-------------+----------------------------------------------------------------
cn_26        |
         ect |   -.102545   .0639405    -1.60   0.109    -.2278661     .022776
             |
     logfeer |
         D1. |     .29816   .1269072     2.35   0.019     .0494265    .5468935
------------------------------------------------------------------------------

. 
. cap drop ecT

. generate ecT = l.logreer - (_b[logfeer])*logfeer - 1.156936 
(26 missing values generated)

. 
. cap drop check

. gen check = ect-ecT // equal to zero
(26 missing values generated)

. 
. cap drop logreer_star

. gen logreer_star = (_b[logfeer])*logfeer + 1.156936

. 
end of do-file

. do "C:\Users\jamel\AppData\Local\Temp\STD208c_000000.tmp"

. xtline logreer logreer_star if country == "CHN"

. 
end of do-file

. do "C:\Users\jamel\AppData\Local\Temp\STD208c_000000.tmp"

. xtline logreer logreer_star if country == "USA"

. 
end of do-file

. do "C:\Users\jamel\AppData\Local\Temp\STD208c_000000.tmp"

. xtline logreer logreer_star if country == "ARG"

. 
end of do-file

. do "C:\Users\jamel\AppData\Local\Temp\STD208c_000000.tmp"

. xtline logreer logreer_star if country == "USA"

. 
end of do-file

. do "C:\Users\jamel\AppData\Local\Temp\STD208c_000000.tmp"

. // Filter
. 
. tsfilter hp cycle_logfeer = logfeer, trend(trend_logfeer)

. 
. xtline logfeer trend_logfeer cycle_logfeer if country == "CHN"

. 
end of do-file

. do "C:\Users\jamel\AppData\Local\Temp\STD208c_000000.tmp"

. xtline logfeer trend_logfeer cycle_logfeer ///
>  if country == "CHN", legend(pos(9)) 

. 
end of do-file

. do "C:\Users\jamel\AppData\Local\Temp\STD208c_000000.tmp"

. xtline logfeer trend_logfeer cycle_logfeer ///
>  if country == "CHN", legend(off) 

. 
end of do-file

. do "C:\Users\jamel\AppData\Local\Temp\STD208c_000000.tmp"

. xtline logfeer trend_logfeer cycle_logfeer ///
>  if country == "CHN", legend(row(1)) 

. 
end of do-file

. do "C:\Users\jamel\AppData\Local\Temp\STD208c_000000.tmp"

. xtline logfeer trend_logfeer cycle_logfeer ///
>  if country == "CHN", legend(pos(9)) 

. 
end of do-file

. do "C:\Users\jamel\AppData\Local\Temp\STD208c_000000.tmp"

. xtline logfeer trend_logfeer cycle_logfeer ///
>  if country == "ARG"

. 
end of do-file

. do "C:\Users\jamel\AppData\Local\Temp\STD208c_000000.tmp"

. xtline logfeer trend_logfeer cycle_logfeer ///
>  if country == "USA" 

. 
end of do-file

. do "C:\Users\jamel\AppData\Local\Temp\STD208c_000000.tmp"

. 
. xtline logfeer trend_logfeer cycle_logfeer ///
>  if country == "CHN"

. 
end of do-file

. do "C:\Users\jamel\AppData\Local\Temp\STD208c_000000.tmp"

. xtline logfeer trend_logfeer cycle_logfeer ///
>  if country == "ARG"

. 
end of do-file

. do "C:\Users\jamel\AppData\Local\Temp\STD208c_000000.tmp"

. xtline logfeer trend_logfeer cycle_logfeer ///
>  if country == "USA" 

. 
end of do-file

. do "C:\Users\jamel\AppData\Local\Temp\STD208c_000000.tmp"

. cap drop logreer_star_hp

. gen logreer_star_hp = (_b[logfeer])*trend_logfeer + 1.156936

. 
end of do-file

. do "C:\Users\jamel\AppData\Local\Temp\STD208c_000000.tmp"

. xtline logreer logreer_star_hp if country == "CHN"

. 
end of do-file

. do "C:\Users\jamel\AppData\Local\Temp\STD208c_000000.tmp"

. xtline logreer logreer_star_hp if country == "ARG"

. 
end of do-file

. do "C:\Users\jamel\AppData\Local\Temp\STD208c_000000.tmp"

. xtline logreer logreer_star_hp if country == "USA"

. 
end of do-file

. xtline logreer logreer_star_hp

. exit, clear
